\BOOKMARK [0][-]{chapter.1}{\376\377\000L\000e\000c\000t\000u\000r\000e\000\040\0001\000\040\000-\000\040\000I\000n\000t\000r\000o\000d\000u\000c\000t\000i\000o\000n\000\040\000t\000o\000\040\000M\000a\000c\000h\000i\000n\000e\000\040\000L\000e\000a\000r\000n\000i\000n\000g\000\040\000i\000n\000\040\000F\000i\000n\000a\000n\000c\000e}{}% 1
\BOOKMARK [1][-]{section.1.1}{\376\377\000B\000i\000g\000\040\000D\000a\000t\000a\000\040\000i\000n\000\040\000F\000i\000n\000a\000n\000c\000e}{chapter.1}% 2
\BOOKMARK [2][-]{subsection.1.1.1}{\376\377\000W\000h\000a\000t\000\040\000i\000s\000\040\000B\000i\000g\000\040\000D\000a\000t\000a\000?}{section.1.1}% 3
\BOOKMARK [2][-]{subsection.1.1.2}{\376\377\000B\000i\000g\000\040\000D\000a\000t\000a\000\040\000A\000p\000p\000l\000i\000c\000a\000t\000i\000o\000n\000s}{section.1.1}% 4
\BOOKMARK [2][-]{subsection.1.1.3}{\376\377\000B\000i\000g\000\040\000D\000a\000t\000a\000\040\000i\000n\000\040\000F\000i\000n\000a\000n\000c\000e}{section.1.1}% 5
\BOOKMARK [2][-]{subsection.1.1.4}{\376\377\000B\000i\000g\000\040\000D\000a\000t\000a\000\040\000C\000h\000a\000l\000l\000e\000n\000g\000e\000s\000\040\000i\000n\000\040\000F\000i\000n\000a\000n\000c\000e}{section.1.1}% 6
\BOOKMARK [1][-]{section.1.2}{\376\377\000T\000h\000e\000\040\000R\000o\000l\000e\000\040\000o\000f\000\040\000M\000a\000c\000h\000i\000n\000e\000\040\000L\000e\000a\000r\000n\000i\000n\000g}{chapter.1}% 7
\BOOKMARK [2][-]{subsection.1.2.1}{\376\377\000W\000h\000a\000t\000\040\000i\000s\000\040\000M\000a\000c\000h\000i\000n\000e\000\040\000L\000e\000a\000r\000n\000i\000n\000g\000?}{section.1.2}% 8
\BOOKMARK [2][-]{subsection.1.2.2}{\376\377\000A\000p\000p\000l\000i\000c\000a\000t\000i\000o\000n\000s\000\040\000o\000f\000\040\000M\000a\000c\000h\000i\000n\000e\000\040\000L\000e\000a\000r\000n\000i\000n\000g}{section.1.2}% 9
\BOOKMARK [2][-]{subsection.1.2.3}{\376\377\000M\000a\000c\000h\000i\000n\000e\000\040\000L\000e\000a\000r\000n\000i\000n\000g\000\040\000i\000n\000\040\000t\000h\000e\000\040\000f\000i\000e\000l\000d\000\040\000o\000f\000\040\000F\000i\000n\000a\000n\000c\000e}{section.1.2}% 10
\BOOKMARK [2][-]{subsection.1.2.4}{\376\377\000H\000o\000w\000\040\000M\000a\000c\000h\000i\000n\000e\000\040\000L\000e\000a\000r\000n\000i\000n\000g\000\040\000i\000s\000\040\000U\000s\000e\000d\000\040\000i\000n\000\040\000F\000i\000n\000a\000n\000c\000e}{section.1.2}% 11
\BOOKMARK [2][-]{subsection.1.2.5}{\376\377\000T\000e\000r\000m\000i\000n\000o\000l\000o\000g\000y}{section.1.2}% 12
\BOOKMARK [0][-]{chapter.2}{\376\377\000L\000e\000c\000t\000u\000r\000e\000\040\0002\000\040\000-\000\040\000F\000i\000n\000a\000n\000c\000i\000a\000l\000\040\000D\000a\000t\000a\000\040\000S\000c\000i\000e\000n\000c\000e\000\040\000w\000i\000t\000h\000\040\000P\000y\000t\000h\000o\000n}{}% 13
\BOOKMARK [1][-]{section.2.1}{\376\377\000P\000y\000t\000h\000o\000n\000\040\000I\000n\000f\000r\000a\000s\000t\000r\000u\000c\000t\000u\000r\000e}{chapter.2}% 14
\BOOKMARK [1][-]{section.2.2}{\376\377\000B\000a\000s\000i\000c\000\040\000D\000a\000t\000a\000\040\000T\000y\000p\000e\000s}{chapter.2}% 15
\BOOKMARK [1][-]{section.2.3}{\376\377\000N\000u\000m\000e\000r\000i\000c\000a\000l\000\040\000C\000o\000m\000p\000u\000t\000i\000n\000g\000\040\000w\000i\000t\000h\000\040\000N\000u\000m\000P\000y}{chapter.2}% 16
\BOOKMARK [1][-]{section.2.4}{\376\377\000D\000a\000t\000a\000\040\000A\000n\000a\000l\000y\000s\000i\000s\000\040\000w\000i\000t\000h\000\040\000p\000a\000n\000d\000a\000s}{chapter.2}% 17
\BOOKMARK [1][-]{section.2.5}{\376\377\000P\000y\000t\000h\000o\000n\000\040\000w\000i\000t\000h\000\040\000F\000i\000n\000a\000n\000c\000i\000a\000l\000\040\000D\000a\000t\000a}{chapter.2}% 18
\BOOKMARK [1][-]{section.2.6}{\376\377\000T\000r\000a\000d\000i\000n\000g\000\040\000S\000t\000r\000a\000t\000e\000g\000y\000\040\000B\000a\000s\000i\000c\000s}{chapter.2}% 19
\BOOKMARK [1][-]{section.2.7}{\376\377\000P\000o\000r\000t\000f\000o\000l\000i\000o}{chapter.2}% 20
\BOOKMARK [0][-]{chapter.3}{\376\377\000L\000e\000c\000t\000u\000r\000e\000\040\0003\000\040\000-\000\040\000W\000e\000b\000\040\000S\000c\000r\000a\000p\000i\000n\000g\000\040\000w\000i\000t\000h\000\040\000P\000y\000t\000h\000o\000n}{}% 21
\BOOKMARK [0][-]{chapter.4}{\376\377\000L\000e\000c\000t\000u\000r\000e\000\040\0004\000\040\000-\000\040\000M\000a\000c\000h\000i\000n\000e\000\040\000L\000e\000a\000r\000n\000i\000n\000g\000\040\000B\000a\000s\000i\000c\000s}{}% 22
\BOOKMARK [0][-]{chapter.5}{\376\377\000L\000e\000c\000t\000u\000r\000e\000\040\0005\000\040\000-\000\040\000S\000u\000p\000e\000r\000v\000i\000s\000e\000d\000\040\000L\000e\000a\000r\000n\000i\000n\000g}{}% 23
\BOOKMARK [0][-]{chapter.6}{\376\377\000L\000e\000c\000t\000u\000r\000e\000\040\0006\000\040\000-\000\040\000S\000u\000p\000e\000r\000v\000i\000s\000e\000d\000\040\000L\000e\000a\000r\000n\000i\000n\000g\000\040\000-\000\040\000C\000l\000a\000s\000s\000i\000f\000i\000e\000r\000s}{}% 24
\BOOKMARK [0][-]{chapter.7}{\376\377\000L\000e\000c\000t\000u\000r\000e\000\040\0007\000\040\000-\000\040\000U\000n\000s\000u\000p\000e\000r\000v\000i\000s\000e\000d\000\040\000L\000e\000a\000r\000n\000i\000n\000g\000\040\000a\000n\000d\000\040\000C\000r\000o\000s\000s\000-\000V\000a\000l\000i\000d\000a\000t\000i\000o\000n}{}% 25
\BOOKMARK [0][-]{chapter.8}{\376\377\000L\000e\000c\000t\000u\000r\000e\000\040\0008\000\040\000-\000\040\000T\000e\000x\000t\000\040\000a\000s\000\040\000D\000a\000t\000a}{}% 26
\BOOKMARK [0][-]{chapter.9}{\376\377\000L\000e\000c\000t\000u\000r\000e\000\040\0009\000\040\000-\000\040\000F\000i\000n\000a\000n\000c\000i\000a\000l\000\040\000T\000e\000c\000h\000n\000o\000l\000o\000g\000y}{}% 27
\BOOKMARK [0][-]{chapter.10}{\376\377\000L\000e\000c\000t\000u\000r\000e\000\040\0001\0000\000\040\000-\000\040\000F\000u\000l\000l\000y\000\040\000A\000u\000t\000o\000m\000a\000t\000e\000d\000\040\000T\000r\000a\000d\000i\000n\000g\000\040\000S\000y\000s\000t\000e\000m}{}% 28
